<?xml version="1.0" encoding="UTF-8"?>
<testng-results ignored="0" total="1" passed="1" failed="0" skipped="0">
  <reporter-output>
  </reporter-output>
  <suite started-at="2023-12-15T12:15:44 IST" name="Surefire suite" finished-at="2023-12-15T12:15:59 IST" duration-ms="14808">
    <groups>
    </groups>
    <test started-at="2023-12-15T12:15:44 IST" name="Surefire test" finished-at="2023-12-15T12:15:59 IST" duration-ms="14808">
      <class name="testcases.LoginTest">
        <test-method signature="loginTest()[pri:0, instance:testcases.LoginTest@31190526]" started-at="2023-12-15T12:15:44 IST" name="loginTest" finished-at="2023-12-15T12:15:57 IST" duration-ms="12744" status="PASS">
          <reporter-output>
          </reporter-output>
        </test-method> <!-- loginTest -->
        <test-method is-config="true" signature="tearDown()[pri:0, instance:testcases.LoginTest@31190526]" started-at="2023-12-15T12:15:57 IST" name="tearDown" finished-at="2023-12-15T12:15:59 IST" duration-ms="2014" status="PASS">
          <reporter-output>
          </reporter-output>
        </test-method> <!-- tearDown -->
      </class> <!-- testcases.LoginTest -->
    </test> <!-- Surefire test -->
  </suite> <!-- Surefire suite -->
</testng-results>
